[ 2025-06-20 02:14:11,379] 1025 httpx - INFO - HTTP Request: GET https://dagshub.com/api/v1/user "HTTP/1.1 200 OK"
[ 2025-06-20 02:14:11,384] 107 dagshub - INFO - Accessing as yellesh1999
[ 2025-06-20 02:14:12,508] 1025 httpx - INFO - HTTP Request: GET https://dagshub.com/api/v1/repos/yellesh1999/NETWORKSECURITY "HTTP/1.1 200 OK"
[ 2025-06-20 02:14:13,529] 1025 httpx - INFO - HTTP Request: GET https://dagshub.com/api/v1/user "HTTP/1.1 200 OK"
[ 2025-06-20 02:14:13,529] 107 dagshub - INFO - Initialized MLflow to track repo "yellesh1999/NETWORKSECURITY"
[ 2025-06-20 02:14:13,529] 107 dagshub - INFO - Repository yellesh1999/NETWORKSECURITY initialized!
[ 2025-06-20 02:14:33,791] 40 root - INFO - Start data Ingestion
[ 2025-06-20 02:14:46,505] 65 root - INFO - Performed train test split on the dataframe
[ 2025-06-20 02:14:46,505] 67 root - INFO - Exited split_data_as_train_test method of Data_Ingestion class
[ 2025-06-20 02:14:46,507] 75 root - INFO - Exporting train and test file path.
[ 2025-06-20 02:14:46,652] 84 root - INFO - Exported train and test file path.
[ 2025-06-20 02:14:46,652] 43 root - INFO - Data Ingestion completed and artifact: DataIngestionArtifact(trained_file_path='Artifacts\\06_20_2025_02_14_07\\data_ingestion\\ingested\\train.csv', test_file_path='Artifacts\\06_20_2025_02_14_07\\data_ingestion\\ingested\\test.csv')
[ 2025-06-20 02:14:46,685] 53 root - INFO - Initiate the data Validation
[ 2025-06-20 02:14:46,810] 32 root - INFO - Required number of columns:2
[ 2025-06-20 02:14:46,810] 33 root - INFO - Data frame has columns:31
[ 2025-06-20 02:14:46,810] 32 root - INFO - Required number of columns:2
[ 2025-06-20 02:14:46,810] 33 root - INFO - Data frame has columns:31
[ 2025-06-20 02:14:47,311] 63 root - INFO - Entered initiate_data_transformation method of DataTransformation class
[ 2025-06-20 02:14:47,311] 65 root - INFO - Starting data transformation
[ 2025-06-20 02:14:47,352] 48 root - INFO - Entered get_data_trnasformer_object method of Trnasformation class
[ 2025-06-20 02:14:47,360] 53 root - INFO - Initialise KNNImputer with {'missing_values': nan, 'n_neighbors': 3, 'weights': 'uniform'}
[ 2025-06-20 02:14:47,393] 46 root - INFO - Entered the save_object method of MainUtils class
[ 2025-06-20 02:14:47,401] 50 root - INFO - Exited the save_object method of MainUtils class
[ 2025-06-20 02:14:47,401] 46 root - INFO - Entered the save_object method of MainUtils class
[ 2025-06-20 02:14:47,405] 50 root - INFO - Exited the save_object method of MainUtils class
[ 2025-06-20 02:20:41,355] 46 root - INFO - Entered the save_object method of MainUtils class
[ 2025-06-20 02:20:41,355] 50 root - INFO - Exited the save_object method of MainUtils class
[ 2025-06-20 02:20:41,355] 46 root - INFO - Entered the save_object method of MainUtils class
[ 2025-06-20 02:20:41,355] 50 root - INFO - Exited the save_object method of MainUtils class
[ 2025-06-20 02:20:41,355] 130 root - INFO - Model trainer artifact: ModelTrainerArtifact(trained_model_file_path='Artifacts\\06_20_2025_02_14_07\\model_trainer\\trained_model\\model.pkl', train_metric_artifact=ClassificationMetricArtifact(f1_score=0.9910001011224593, precision_score=0.9877040919169522, recall_score=0.9943181818181818), test_metric_artifact=ClassificationMetricArtifact(f1_score=0.9731247492980345, precision_score=0.9596518987341772, recall_score=0.9869812855980472))
