[ 2025-06-20 00:26:33,822] 1025 httpx - INFO - HTTP Request: GET https://dagshub.com/api/v1/user "HTTP/1.1 200 OK"
[ 2025-06-20 00:26:33,822] 1025 httpx - INFO - HTTP Request: GET https://dagshub.com/api/v1/user "HTTP/1.1 200 OK"
[ 2025-06-20 00:26:33,826] 107 dagshub - INFO - Accessing as yellesh1999
[ 2025-06-20 00:26:33,826] 107 dagshub - INFO - Accessing as yellesh1999
[ 2025-06-20 00:26:34,871] 1025 httpx - INFO - HTTP Request: GET https://dagshub.com/api/v1/repos/yellesh1999/NETWORKSECURITY "HTTP/1.1 200 OK"
[ 2025-06-20 00:26:34,993] 1025 httpx - INFO - HTTP Request: GET https://dagshub.com/api/v1/repos/yellesh1999/NETWORKSECURITY "HTTP/1.1 200 OK"
[ 2025-06-20 00:26:36,390] 1025 httpx - INFO - HTTP Request: GET https://dagshub.com/api/v1/user "HTTP/1.1 200 OK"
[ 2025-06-20 00:26:36,392] 107 dagshub - INFO - Initialized MLflow to track repo "yellesh1999/NETWORKSECURITY"
[ 2025-06-20 00:26:36,393] 107 dagshub - INFO - Repository yellesh1999/NETWORKSECURITY initialized!
[ 2025-06-20 00:26:36,731] 1025 httpx - INFO - HTTP Request: GET https://dagshub.com/api/v1/user "HTTP/1.1 200 OK"
[ 2025-06-20 00:26:36,734] 107 dagshub - INFO - Initialized MLflow to track repo "yellesh1999/NETWORKSECURITY"
[ 2025-06-20 00:26:36,735] 107 dagshub - INFO - Repository yellesh1999/NETWORKSECURITY initialized!
[ 2025-06-20 00:33:12,833] 40 root - INFO - Start data Ingestion
[ 2025-06-20 00:33:25,726] 65 root - INFO - Performed train test split on the dataframe
[ 2025-06-20 00:33:25,727] 67 root - INFO - Exited split_data_as_train_test method of Data_Ingestion class
[ 2025-06-20 00:33:25,727] 75 root - INFO - Exporting train and test file path.
[ 2025-06-20 00:33:25,816] 84 root - INFO - Exported train and test file path.
[ 2025-06-20 00:33:25,816] 43 root - INFO - Data Ingestion completed and artifact: DataIngestionArtifact(trained_file_path='Artifacts\\06_20_2025_00_26_25\\data_ingestion\\ingested\\train.csv', test_file_path='Artifacts\\06_20_2025_00_26_25\\data_ingestion\\ingested\\test.csv')
[ 2025-06-20 00:33:25,839] 53 root - INFO - Initiate the data Validation
[ 2025-06-20 00:33:25,928] 32 root - INFO - Required number of columns:2
[ 2025-06-20 00:33:25,928] 33 root - INFO - Data frame has columns:31
[ 2025-06-20 00:33:25,929] 32 root - INFO - Required number of columns:2
[ 2025-06-20 00:33:25,929] 33 root - INFO - Data frame has columns:31
[ 2025-06-20 00:33:26,202] 63 root - INFO - Entered initiate_data_transformation method of DataTransformation class
[ 2025-06-20 00:33:26,202] 65 root - INFO - Starting data transformation
[ 2025-06-20 00:33:26,252] 48 root - INFO - Entered get_data_trnasformer_object method of Trnasformation class
[ 2025-06-20 00:33:26,252] 53 root - INFO - Initialise KNNImputer with {'missing_values': nan, 'n_neighbors': 3, 'weights': 'uniform'}
[ 2025-06-20 00:33:26,279] 46 root - INFO - Entered the save_object method of MainUtils class
[ 2025-06-20 00:33:26,285] 50 root - INFO - Exited the save_object method of MainUtils class
[ 2025-06-20 00:33:26,285] 46 root - INFO - Entered the save_object method of MainUtils class
[ 2025-06-20 00:33:26,290] 50 root - INFO - Exited the save_object method of MainUtils class
[ 2025-06-20 00:39:31,740] 868 urllib3.connectionpool - WARNING - Retrying (Retry(total=6, connect=6, read=7, redirect=7, status=7)) after connection broken by 'NameResolutionError("<urllib3.connection.HTTPSConnection object at 0x0000019A74F9B850>: Failed to resolve 'dagshub.com' ([Errno 11001] getaddrinfo failed)")': /yellesh1999/NETWORKSECURITY.mlflow/api/2.0/mlflow/runs/create
[ 2025-06-20 00:39:36,172] 868 urllib3.connectionpool - WARNING - Retrying (Retry(total=5, connect=5, read=7, redirect=7, status=7)) after connection broken by 'NameResolutionError("<urllib3.connection.HTTPSConnection object at 0x0000019A7608F910>: Failed to resolve 'dagshub.com' ([Errno 11001] getaddrinfo failed)")': /yellesh1999/NETWORKSECURITY.mlflow/api/2.0/mlflow/runs/create
[ 2025-06-20 00:39:44,987] 868 urllib3.connectionpool - WARNING - Retrying (Retry(total=4, connect=4, read=7, redirect=7, status=7)) after connection broken by 'NameResolutionError("<urllib3.connection.HTTPSConnection object at 0x0000019A76086F90>: Failed to resolve 'dagshub.com' ([Errno 11001] getaddrinfo failed)")': /yellesh1999/NETWORKSECURITY.mlflow/api/2.0/mlflow/runs/create
[ 2025-06-20 00:40:02,722] 868 urllib3.connectionpool - WARNING - Retrying (Retry(total=3, connect=3, read=7, redirect=7, status=7)) after connection broken by 'NameResolutionError("<urllib3.connection.HTTPSConnection object at 0x0000019A76087C10>: Failed to resolve 'dagshub.com' ([Errno 11001] getaddrinfo failed)")': /yellesh1999/NETWORKSECURITY.mlflow/api/2.0/mlflow/runs/create
