[ 2025-06-20 00:43:48,732] 1025 httpx - INFO - HTTP Request: GET https://dagshub.com/api/v1/user "HTTP/1.1 200 OK"
[ 2025-06-20 00:43:48,740] 107 dagshub - INFO - Accessing as yellesh1999
[ 2025-06-20 00:43:53,292] 1025 httpx - INFO - HTTP Request: GET https://dagshub.com/api/v1/repos/yellesh1999/NETWORKSECURITY "HTTP/1.1 200 OK"
[ 2025-06-20 00:43:54,252] 1025 httpx - INFO - HTTP Request: GET https://dagshub.com/api/v1/user "HTTP/1.1 200 OK"
[ 2025-06-20 00:43:54,255] 107 dagshub - INFO - Initialized MLflow to track repo "yellesh1999/NETWORKSECURITY"
[ 2025-06-20 00:43:54,256] 107 dagshub - INFO - Repository yellesh1999/NETWORKSECURITY initialized!
[ 2025-06-20 00:44:32,870] 40 root - INFO - Start data Ingestion
[ 2025-06-20 00:45:06,829] 65 root - INFO - Performed train test split on the dataframe
[ 2025-06-20 00:45:06,829] 67 root - INFO - Exited split_data_as_train_test method of Data_Ingestion class
[ 2025-06-20 00:45:06,830] 75 root - INFO - Exporting train and test file path.
[ 2025-06-20 00:45:06,900] 84 root - INFO - Exported train and test file path.
[ 2025-06-20 00:45:06,900] 43 root - INFO - Data Ingestion completed and artifact: DataIngestionArtifact(trained_file_path='Artifacts\\06_20_2025_00_43_42\\data_ingestion\\ingested\\train.csv', test_file_path='Artifacts\\06_20_2025_00_43_42\\data_ingestion\\ingested\\test.csv')
[ 2025-06-20 00:45:06,906] 53 root - INFO - Initiate the data Validation
[ 2025-06-20 00:45:06,980] 32 root - INFO - Required number of columns:2
[ 2025-06-20 00:45:06,981] 33 root - INFO - Data frame has columns:31
[ 2025-06-20 00:45:06,981] 32 root - INFO - Required number of columns:2
[ 2025-06-20 00:45:06,981] 33 root - INFO - Data frame has columns:31
[ 2025-06-20 00:45:07,184] 63 root - INFO - Entered initiate_data_transformation method of DataTransformation class
[ 2025-06-20 00:45:07,185] 65 root - INFO - Starting data transformation
[ 2025-06-20 00:45:07,210] 48 root - INFO - Entered get_data_trnasformer_object method of Trnasformation class
[ 2025-06-20 00:45:07,210] 53 root - INFO - Initialise KNNImputer with {'missing_values': nan, 'n_neighbors': 3, 'weights': 'uniform'}
[ 2025-06-20 00:45:07,224] 46 root - INFO - Entered the save_object method of MainUtils class
[ 2025-06-20 00:45:07,228] 50 root - INFO - Exited the save_object method of MainUtils class
[ 2025-06-20 00:45:07,228] 46 root - INFO - Entered the save_object method of MainUtils class
[ 2025-06-20 00:45:07,231] 50 root - INFO - Exited the save_object method of MainUtils class
[ 2025-06-20 00:52:05,356] 46 root - INFO - Entered the save_object method of MainUtils class
[ 2025-06-20 00:52:05,358] 50 root - INFO - Exited the save_object method of MainUtils class
[ 2025-06-20 00:52:05,358] 46 root - INFO - Entered the save_object method of MainUtils class
[ 2025-06-20 00:52:05,368] 50 root - INFO - Exited the save_object method of MainUtils class
[ 2025-06-20 00:52:05,368] 129 root - INFO - Model trainer artifact: ModelTrainerArtifact(trained_model_file_path='Artifacts\\06_20_2025_00_43_42\\model_trainer\\trained_model\\model.pkl', train_metric_artifact=ClassificationMetricArtifact(f1_score=0.991359154213683, precision_score=0.9890466531440162, recall_score=0.9936824943957612), test_metric_artifact=ClassificationMetricArtifact(f1_score=0.9732748304746709, precision_score=0.9705648369132857, recall_score=0.976))
