[ 2025-06-20 01:55:59,888] 1025 httpx - INFO - HTTP Request: GET https://dagshub.com/api/v1/user "HTTP/1.1 200 OK"
[ 2025-06-20 01:55:59,898] 107 dagshub - INFO - Accessing as yellesh1999
[ 2025-06-20 01:56:00,914] 1025 httpx - INFO - HTTP Request: GET https://dagshub.com/api/v1/repos/yellesh1999/NETWORKSECURITY "HTTP/1.1 200 OK"
[ 2025-06-20 01:56:02,039] 1025 httpx - INFO - HTTP Request: GET https://dagshub.com/api/v1/user "HTTP/1.1 200 OK"
[ 2025-06-20 01:56:02,048] 107 dagshub - INFO - Initialized MLflow to track repo "yellesh1999/NETWORKSECURITY"
[ 2025-06-20 01:56:02,048] 107 dagshub - INFO - Repository yellesh1999/NETWORKSECURITY initialized!
[ 2025-06-20 01:56:34,215] 40 root - INFO - Start data Ingestion
[ 2025-06-20 01:56:43,684] 65 root - INFO - Performed train test split on the dataframe
[ 2025-06-20 01:56:43,684] 67 root - INFO - Exited split_data_as_train_test method of Data_Ingestion class
[ 2025-06-20 01:56:43,684] 75 root - INFO - Exporting train and test file path.
[ 2025-06-20 01:56:43,834] 84 root - INFO - Exported train and test file path.
[ 2025-06-20 01:56:43,834] 43 root - INFO - Data Ingestion completed and artifact: DataIngestionArtifact(trained_file_path='Artifacts\\06_20_2025_01_55_55\\data_ingestion\\ingested\\train.csv', test_file_path='Artifacts\\06_20_2025_01_55_55\\data_ingestion\\ingested\\test.csv')
[ 2025-06-20 01:56:43,849] 53 root - INFO - Initiate the data Validation
[ 2025-06-20 01:56:43,967] 32 root - INFO - Required number of columns:2
[ 2025-06-20 01:56:43,967] 33 root - INFO - Data frame has columns:31
[ 2025-06-20 01:56:43,967] 32 root - INFO - Required number of columns:2
[ 2025-06-20 01:56:43,967] 33 root - INFO - Data frame has columns:31
[ 2025-06-20 01:56:44,381] 63 root - INFO - Entered initiate_data_transformation method of DataTransformation class
[ 2025-06-20 01:56:44,381] 65 root - INFO - Starting data transformation
[ 2025-06-20 01:56:44,434] 48 root - INFO - Entered get_data_trnasformer_object method of Trnasformation class
[ 2025-06-20 01:56:44,434] 53 root - INFO - Initialise KNNImputer with {'missing_values': nan, 'n_neighbors': 3, 'weights': 'uniform'}
[ 2025-06-20 01:56:44,468] 46 root - INFO - Entered the save_object method of MainUtils class
[ 2025-06-20 01:56:44,468] 50 root - INFO - Exited the save_object method of MainUtils class
[ 2025-06-20 01:56:44,468] 46 root - INFO - Entered the save_object method of MainUtils class
[ 2025-06-20 01:56:44,468] 50 root - INFO - Exited the save_object method of MainUtils class
